<?xml version="1.0" encoding="UTF-8"?>
<!-- Generated by org.testng.reporters.JUnitReportReporter -->
<testsuite hostname="DESKTOP-MIA0C65" failures="0" tests="4" name="miniproject.selectDoB.Implementation" time="29.434" errors="0" timestamp="2021-07-16T15:40:23 IST" skipped="0">
  <testcase classname="miniproject.selectDoB.Implementation" name="selectDoB" time="10.463"/>
  <system-out/>
  <testcase classname="miniproject.selectDoB.Implementation" name="clickCreateAccount" time="2.478"/>
  <system-out/>
  <testcase classname="miniproject.selectDoB.Implementation" name="selectGender" time="2.364"/>
  <system-out/>
  <testcase classname="miniproject.selectDoB.Implementation" name="setDetails" time="14.129"/>
  <system-out/>
</testsuite> <!-- miniproject.selectDoB.Implementation -->
