<?xml version="1.0" encoding="UTF-8"?>
<!-- Generated by org.testng.reporters.JUnitReportReporter -->
<testsuite hostname="DESKTOP-MIA0C65" failures="0" tests="4" name="miniproject.Implementation" time="29.330" errors="0" timestamp="2021-07-16T18:36:32 IST" skipped="0">
  <testcase classname="miniproject.Implementation" name="setDetails" time="14.412"/>
  <system-out/>
  <testcase classname="miniproject.Implementation" name="selectDoB" time="10.256"/>
  <system-out/>
  <testcase classname="miniproject.Implementation" name="selectGender" time="2.301"/>
  <system-out/>
  <testcase classname="miniproject.Implementation" name="clickCreateAccount" time="2.361"/>
  <system-out/>
</testsuite> <!-- miniproject.Implementation -->
